This is pdfTeX, Version 3.14159265-2.6-1.40.21 (TeX Live 2020/Debian) (preloaded format=pdflatex 2021.12.1)  2 DEC 2021 12:25
entering extended mode
 restricted \write18 enabled.
 %&-line parsing enabled.
**documento.tex
(./documento.tex
LaTeX2e <2020-10-01> patch level 4
L3 programming layer <2021-01-09> xparse <2020-03-03>
(/usr/share/texlive/texmf-dist/tex/latex/base/report.cls
Document Class: report 2020/04/10 v1.4m Standard LaTeX document class
(/usr/share/texlive/texmf-dist/tex/latex/base/size10.clo
File: size10.clo 2020/04/10 v1.4m Standard LaTeX file (size option)
)
\c@part=\count177
\c@chapter=\count178
\c@section=\count179
\c@subsection=\count180
\c@subsubsection=\count181
\c@paragraph=\count182
\c@subparagraph=\count183
\c@figure=\count184
\c@table=\count185
\abovecaptionskip=\skip47
\belowcaptionskip=\skip48
\bibindent=\dimen138
)
(/usr/share/texlive/texmf-dist/tex/latex/base/fontenc.sty
Package: fontenc 2020/08/10 v2.0s Standard LaTeX package
)
(/usr/share/texlive/texmf-dist/tex/latex/base/inputenc.sty
Package: inputenc 2020/08/01 v1.3d Input encoding file
\inpenc@prehook=\toks15
\inpenc@posthook=\toks16
)
(/usr/share/texlive/texmf-dist/tex/latex/biblatex/biblatex.sty
Package: biblatex 2020/12/31 v3.16 programmable bibliographies (PK/MW)

(/usr/share/texlive/texmf-dist/tex/generic/pdftexcmds/pdftexcmds.sty
Package: pdftexcmds 2020-06-27 v0.33 Utility functions of pdfTeX for LuaTeX (HO
)

(/usr/share/texlive/texmf-dist/tex/generic/infwarerr/infwarerr.sty
Package: infwarerr 2019/12/03 v1.5 Providing info/warning/error messages (HO)
)
(/usr/share/texlive/texmf-dist/tex/generic/iftex/iftex.sty
Package: iftex 2020/03/06 v1.0d TeX engine tests
)
(/usr/share/texlive/texmf-dist/tex/generic/ltxcmds/ltxcmds.sty
Package: ltxcmds 2020-05-10 v1.25 LaTeX kernel commands for general use (HO)
)
Package pdftexcmds Info: \pdf@primitive is available.
Package pdftexcmds Info: \pdf@ifprimitive is available.
Package pdftexcmds Info: \pdfdraftmode found.
)
(/usr/share/texlive/texmf-dist/tex/latex/etoolbox/etoolbox.sty
Package: etoolbox 2020/10/05 v2.5k e-TeX tools for LaTeX (JAW)
\etb@tempcnta=\count186
)
(/usr/share/texlive/texmf-dist/tex/latex/graphics/keyval.sty
Package: keyval 2014/10/28 v1.15 key=value parser (DPC)
\KV@toks@=\toks17
)
(/usr/share/texlive/texmf-dist/tex/latex/kvoptions/kvoptions.sty
Package: kvoptions 2020-10-07 v3.14 Key value format for package options (HO)

(/usr/share/texlive/texmf-dist/tex/generic/kvsetkeys/kvsetkeys.sty
Package: kvsetkeys 2019/12/15 v1.18 Key value parser (HO)
))
(/usr/share/texlive/texmf-dist/tex/latex/logreq/logreq.sty
Package: logreq 2010/08/04 v1.0 xml request logger
\lrq@indent=\count187

(/usr/share/texlive/texmf-dist/tex/latex/logreq/logreq.def
File: logreq.def 2010/08/04 v1.0 logreq spec v1.0
))
(/usr/share/texlive/texmf-dist/tex/latex/base/ifthen.sty
Package: ifthen 2014/09/29 v1.1c Standard LaTeX ifthen package (DPC)
)
(/usr/share/texlive/texmf-dist/tex/latex/url/url.sty
\Urlmuskip=\muskip16
Package: url 2013/09/16  ver 3.4  Verb mode for urls, etc.
)
\c@tabx@nest=\count188
\c@listtotal=\count189
\c@listcount=\count190
\c@liststart=\count191
\c@liststop=\count192
\c@citecount=\count193
\c@citetotal=\count194
\c@multicitecount=\count195
\c@multicitetotal=\count196
\c@instcount=\count197
\c@maxnames=\count198
\c@minnames=\count199
\c@maxitems=\count266
\c@minitems=\count267
\c@citecounter=\count268
\c@maxcitecounter=\count269
\c@savedcitecounter=\count270
\c@uniquelist=\count271
\c@uniquename=\count272
\c@refsection=\count273
\c@refsegment=\count274
\c@maxextratitle=\count275
\c@maxextratitleyear=\count276
\c@maxextraname=\count277
\c@maxextradate=\count278
\c@maxextraalpha=\count279
\c@abbrvpenalty=\count280
\c@highnamepenalty=\count281
\c@lownamepenalty=\count282
\c@maxparens=\count283
\c@parenlevel=\count284
\blx@tempcnta=\count285
\blx@tempcntb=\count286
\blx@tempcntc=\count287
\blx@maxsection=\count288
\blx@maxsegment@0=\count289
\blx@notetype=\count290
\blx@parenlevel@text=\count291
\blx@parenlevel@foot=\count292
\blx@sectionciteorder@0=\count293
\blx@entrysetcounter=\count294
\blx@biblioinstance=\count295
\labelnumberwidth=\skip49
\labelalphawidth=\skip50
\biblabelsep=\skip51
\bibitemsep=\skip52
\bibnamesep=\skip53
\bibinitsep=\skip54
\bibparsep=\skip55
\bibhang=\skip56
\blx@bcfin=\read2
\blx@bcfout=\write3
\blx@langwohyphens=\language6
\c@mincomprange=\count296
\c@maxcomprange=\count297
\c@mincompwidth=\count298
Package biblatex Info: Trying to load biblatex default data model...
Package biblatex Info: ... file 'blx-dm.def' found.

(/usr/share/texlive/texmf-dist/tex/latex/biblatex/blx-dm.def
File: blx-dm.def 2020/12/31 v3.16 biblatex localization (PK/MW)
)
Package biblatex Info: Trying to load biblatex style data model...
Package biblatex Info: ... file 'ieee.dbx' not found.
Package biblatex Info: Trying to load biblatex custom data model...
Package biblatex Info: ... file 'biblatex-dm.cfg' not found.
\c@afterword=\count299
\c@savedafterword=\count300
\c@annotator=\count301
\c@savedannotator=\count302
\c@author=\count303
\c@savedauthor=\count304
\c@bookauthor=\count305
\c@savedbookauthor=\count306
\c@commentator=\count307
\c@savedcommentator=\count308
\c@editor=\count309
\c@savededitor=\count310
\c@editora=\count311
\c@savededitora=\count312
\c@editorb=\count313
\c@savededitorb=\count314
\c@editorc=\count315
\c@savededitorc=\count316
\c@foreword=\count317
\c@savedforeword=\count318
\c@holder=\count319
\c@savedholder=\count320
\c@introduction=\count321
\c@savedintroduction=\count322
\c@namea=\count323
\c@savednamea=\count324
\c@nameb=\count325
\c@savednameb=\count326
\c@namec=\count327
\c@savednamec=\count328
\c@translator=\count329
\c@savedtranslator=\count330
\c@shortauthor=\count331
\c@savedshortauthor=\count332
\c@shorteditor=\count333
\c@savedshorteditor=\count334
\c@labelname=\count335
\c@savedlabelname=\count336
\c@institution=\count337
\c@savedinstitution=\count338
\c@lista=\count339
\c@savedlista=\count340
\c@listb=\count341
\c@savedlistb=\count342
\c@listc=\count343
\c@savedlistc=\count344
\c@listd=\count345
\c@savedlistd=\count346
\c@liste=\count347
\c@savedliste=\count348
\c@listf=\count349
\c@savedlistf=\count350
\c@location=\count351
\c@savedlocation=\count352
\c@organization=\count353
\c@savedorganization=\count354
\c@origlocation=\count355
\c@savedoriglocation=\count356
\c@origpublisher=\count357
\c@savedorigpublisher=\count358
\c@publisher=\count359
\c@savedpublisher=\count360
\c@language=\count361
\c@savedlanguage=\count362
\c@origlanguage=\count363
\c@savedoriglanguage=\count364
\c@pageref=\count365
\c@savedpageref=\count366
\shorthandwidth=\skip57
\shortjournalwidth=\skip58
\shortserieswidth=\skip59
\shorttitlewidth=\skip60
\shortauthorwidth=\skip61
\shorteditorwidth=\skip62
\locallabelnumberwidth=\skip63
\locallabelalphawidth=\skip64
\localshorthandwidth=\skip65
\localshortjournalwidth=\skip66
\localshortserieswidth=\skip67
\localshorttitlewidth=\skip68
\localshortauthorwidth=\skip69
\localshorteditorwidth=\skip70
Package biblatex Info: Trying to load compatibility code...
Package biblatex Info: ... file 'blx-compat.def' found.

(/usr/share/texlive/texmf-dist/tex/latex/biblatex/blx-compat.def
File: blx-compat.def 2020/12/31 v3.16 biblatex compatibility (PK/MW)
)
Package biblatex Info: Trying to load generic definitions...
Package biblatex Info: ... file 'biblatex.def' found.

(/usr/share/texlive/texmf-dist/tex/latex/biblatex/biblatex.def
File: biblatex.def 2020/12/31 v3.16 biblatex compatibility (PK/MW)
\c@textcitecount=\count367
\c@textcitetotal=\count368
\c@textcitemaxnames=\count369
\c@biburlbigbreakpenalty=\count370
\c@biburlbreakpenalty=\count371
\c@biburlnumpenalty=\count372
\c@biburlucpenalty=\count373
\c@biburllcpenalty=\count374
\biburlbigskip=\muskip17
\biburlnumskip=\muskip18
\biburlucskip=\muskip19
\biburllcskip=\muskip20
\c@smartand=\count375
)
Package biblatex Info: Trying to load bibliography style 'ieee'...
Package biblatex Info: ... file 'ieee.bbx' found.

(/usr/share/texlive/texmf-dist/tex/latex/biblatex-ieee/ieee.bbx
File: ieee.bbx 2020/12/29 v1.3d biblatex bibliography style
Package biblatex Info: Trying to load bibliography style 'numeric-comp'...
Package biblatex Info: ... file 'numeric-comp.bbx' found.

(/usr/share/texlive/texmf-dist/tex/latex/biblatex/bbx/numeric-comp.bbx
File: numeric-comp.bbx 2020/12/31 v3.16 biblatex bibliography style (PK/MW)
Package biblatex Info: Trying to load bibliography style 'numeric'...
Package biblatex Info: ... file 'numeric.bbx' found.

(/usr/share/texlive/texmf-dist/tex/latex/biblatex/bbx/numeric.bbx
File: numeric.bbx 2020/12/31 v3.16 biblatex bibliography style (PK/MW)
Package biblatex Info: Trying to load bibliography style 'standard'...
Package biblatex Info: ... file 'standard.bbx' found.

(/usr/share/texlive/texmf-dist/tex/latex/biblatex/bbx/standard.bbx
File: standard.bbx 2020/12/31 v3.16 biblatex bibliography style (PK/MW)
\c@bbx:relatedcount=\count376
\c@bbx:relatedtotal=\count377
))))
Package biblatex Info: Trying to load citation style 'ieee'...
Package biblatex Info: ... file 'ieee.cbx' found.

(/usr/share/texlive/texmf-dist/tex/latex/biblatex-ieee/ieee.cbx
File: ieee.cbx 2020/12/29 v1.3d biblatex citation style
Package biblatex Info: Trying to load citation style 'numeric-comp'...
Package biblatex Info: ... file 'numeric-comp.cbx' found.

(/usr/share/texlive/texmf-dist/tex/latex/biblatex/cbx/numeric-comp.cbx
File: numeric-comp.cbx 2020/12/31 v3.16 biblatex citation style (PK/MW)
\c@cbx@tempcnta=\count378
\c@cbx@tempcntb=\count379
\c@cbx@tempcntc=\count380
\c@cbx@tempcntd=\count381
Package biblatex Info: Redefining '\cite'.
Package biblatex Info: Redefining '\parencite'.
Package biblatex Info: Redefining '\footcite'.
Package biblatex Info: Redefining '\footcitetext'.
Package biblatex Info: Redefining '\smartcite'.
Package biblatex Info: Redefining '\supercite'.
Package biblatex Info: Redefining '\textcite'.
Package biblatex Info: Redefining '\textcites'.
Package biblatex Info: Redefining '\cites'.
Package biblatex Info: Redefining '\parencites'.
Package biblatex Info: Redefining '\smartcites'.
)
Package biblatex Info: Redefining '\cite'.
Package biblatex Info: Redefining '\cites'.
)
Package biblatex Info: Trying to load configuration file...
Package biblatex Info: ... file 'biblatex.cfg' found.

(/usr/share/texlive/texmf-dist/tex/latex/biblatex/biblatex.cfg
File: biblatex.cfg 
))
(/usr/share/texlive/texmf-dist/tex/latex/csquotes/csquotes.sty
Package: csquotes 2021-01-04 v5.2k context-sensitive quotations (JAW)
\csq@reset=\count382
\csq@gtype=\count383
\csq@glevel=\count384
\csq@qlevel=\count385
\csq@maxlvl=\count386
\csq@tshold=\count387
\csq@ltx@everypar=\toks18

(/usr/share/texlive/texmf-dist/tex/latex/csquotes/csquotes.def
File: csquotes.def 2021-01-04 v5.2k csquotes generic definitions (JAW)
)
Package csquotes Info: Trying to load configuration file 'csquotes.cfg'...
Package csquotes Info: ... configuration file loaded successfully.

(/usr/share/texlive/texmf-dist/tex/latex/csquotes/csquotes.cfg
File: csquotes.cfg 
))
(/usr/share/texlive/texmf-dist/tex/generic/babel/babel.sty
Package: babel 2021/01/26 3.53 The Babel package

(/usr/share/texlive/texmf-dist/tex/generic/babel/babel.def
File: babel.def 2021/01/26 3.53 Babel common definitions
\babel@savecnt=\count388
\U@D=\dimen139
\l@babelnohyphens=\language7

(/usr/share/texlive/texmf-dist/tex/generic/babel/txtbabel.def)
\bbl@readstream=\read3
)
\bbl@dirlevel=\count389

(/usr/share/texlive/texmf-dist/tex/generic/babel-portuges/portuguese.ldf
Language: portuges 2020/05/04 v1.2r Portuguese support from the babel system
Package babel Info: Making " an active character on input line 143.
))
(/usr/share/texlive/texmf-dist/tex/latex/blindtext/blindtext.sty
Package: blindtext 2012/01/06 V2.0 blindtext-Package

(/usr/share/texlive/texmf-dist/tex/latex/tools/xspace.sty
Package: xspace 2014/10/28 v1.13 Space after command names (DPC,MH)
)
\c@blindtext=\count390
\c@Blindtext=\count391
\c@blind@countparstart=\count392
\blind@countxx=\count393
\blindtext@numBlindtext=\count394
\blind@countyy=\count395
\c@blindlist=\count396
\c@blindlistlevel=\count397
\c@blindlist@level=\count398
\blind@listitem=\count399
\c@blind@listcount=\count400
\c@blind@levelcount=\count401
\blind@mathformula=\count402
\blind@Mathformula=\count403
\c@blind@randomcount=\count404
\c@blind@randommax=\count405
\c@blind@pangramcount=\count406
\c@blind@pangrammax=\count407
)
(/usr/share/texlive/texmf-dist/tex/latex/acronym/acronym.sty
Package: acronym 2020/04/17 v1.47 Support for acronyms (Tobias Oetiker)

(/usr/share/texlive/texmf-dist/tex/latex/bigfoot/suffix.sty
Package: suffix 2006/07/15 1.5a Variant command support
)
(/usr/share/texlive/texmf-dist/tex/generic/xstring/xstring.sty
(/usr/share/texlive/texmf-dist/tex/generic/xstring/xstring.tex
\integerpart=\count408
\decimalpart=\count409
)
Package: xstring 2019/02/06 v1.83 String manipulations (CT)
)
\AC@clearlist=\toks19
)
(/usr/share/texlive/texmf-dist/tex/latex/hyperref/hyperref.sty
Package: hyperref 2020-05-15 v7.00e Hypertext links for LaTeX

(/usr/share/texlive/texmf-dist/tex/generic/kvdefinekeys/kvdefinekeys.sty
Package: kvdefinekeys 2019-12-19 v1.6 Define keys (HO)
)
(/usr/share/texlive/texmf-dist/tex/generic/pdfescape/pdfescape.sty
Package: pdfescape 2019/12/09 v1.15 Implements pdfTeX's escape features (HO)
)
(/usr/share/texlive/texmf-dist/tex/latex/hycolor/hycolor.sty
Package: hycolor 2020-01-27 v1.10 Color options for hyperref/bookmark (HO)
)
(/usr/share/texlive/texmf-dist/tex/latex/letltxmacro/letltxmacro.sty
Package: letltxmacro 2019/12/03 v1.6 Let assignment for LaTeX macros (HO)
)
(/usr/share/texlive/texmf-dist/tex/latex/auxhook/auxhook.sty
Package: auxhook 2019-12-17 v1.6 Hooks for auxiliary files (HO)
)
\@linkdim=\dimen140
\Hy@linkcounter=\count410
\Hy@pagecounter=\count411

(/usr/share/texlive/texmf-dist/tex/latex/hyperref/pd1enc.def
File: pd1enc.def 2020-05-15 v7.00e Hyperref: PDFDocEncoding definition (HO)
Now handling font encoding PD1 ...
... no UTF-8 mapping file for font encoding PD1
)
(/usr/share/texlive/texmf-dist/tex/generic/intcalc/intcalc.sty
Package: intcalc 2019/12/15 v1.3 Expandable calculations with integers (HO)
)
(/usr/share/texlive/texmf-dist/tex/generic/etexcmds/etexcmds.sty
Package: etexcmds 2019/12/15 v1.7 Avoid name clashes with e-TeX commands (HO)
)
\Hy@SavedSpaceFactor=\count412
Package hyperref Info: Hyper figures OFF on input line 4464.
Package hyperref Info: Link nesting OFF on input line 4469.
Package hyperref Info: Hyper index ON on input line 4472.
Package hyperref Info: Plain pages OFF on input line 4479.
Package hyperref Info: Backreferencing OFF on input line 4484.
Package hyperref Info: Implicit mode ON; LaTeX internals redefined.
Package hyperref Info: Bookmarks ON on input line 4717.
\c@Hy@tempcnt=\count413
LaTeX Info: Redefining \url on input line 5076.
\XeTeXLinkMargin=\dimen141

(/usr/share/texlive/texmf-dist/tex/generic/bitset/bitset.sty
Package: bitset 2019/12/09 v1.3 Handle bit-vector datatype (HO)

(/usr/share/texlive/texmf-dist/tex/generic/bigintcalc/bigintcalc.sty
Package: bigintcalc 2019/12/15 v1.5 Expandable calculations on big integers (HO
)
))
\Fld@menulength=\count414
\Field@Width=\dimen142
\Fld@charsize=\dimen143
Package hyperref Info: Hyper figures OFF on input line 6347.
Package hyperref Info: Link nesting OFF on input line 6352.
Package hyperref Info: Hyper index ON on input line 6355.
Package hyperref Info: backreferencing OFF on input line 6362.
Package hyperref Info: Link coloring OFF on input line 6367.
Package hyperref Info: Link coloring with OCG OFF on input line 6372.
Package hyperref Info: PDF/A mode OFF on input line 6377.
LaTeX Info: Redefining \ref on input line 6417.
LaTeX Info: Redefining \pageref on input line 6421.

(/usr/share/texlive/texmf-dist/tex/latex/base/atbegshi-ltx.sty
Package: atbegshi-ltx 2020/08/17 v1.0a Emulation of the original atbegshi packa
ge
with kernel methods
)
\Hy@abspage=\count415
\c@Item=\count416
\c@Hfootnote=\count417
)
Package hyperref Info: Driver (autodetected): hpdftex.

(/usr/share/texlive/texmf-dist/tex/latex/hyperref/hpdftex.def
File: hpdftex.def 2020-05-15 v7.00e Hyperref driver for pdfTeX

(/usr/share/texlive/texmf-dist/tex/latex/base/atveryend-ltx.sty
Package: atveryend-ltx 2020/08/19 v1.0a Emulation of the original atvery packag
e
with kernel methods
)
\Fld@listcount=\count418
\c@bookmark@seq@number=\count419

(/usr/share/texlive/texmf-dist/tex/latex/rerunfilecheck/rerunfilecheck.sty
Package: rerunfilecheck 2019/12/05 v1.9 Rerun checks for auxiliary files (HO)

(/usr/share/texlive/texmf-dist/tex/generic/uniquecounter/uniquecounter.sty
Package: uniquecounter 2019/12/15 v1.4 Provide unlimited unique counter (HO)
)
Package uniquecounter Info: New unique counter `rerunfilecheck' on input line 2
86.
)
\Hy@SectionHShift=\skip71
)
(/usr/share/texlive/texmf-dist/tex/latex/graphics/graphicx.sty
Package: graphicx 2020/09/09 v1.2b Enhanced LaTeX Graphics (DPC,SPQR)

(/usr/share/texlive/texmf-dist/tex/latex/graphics/graphics.sty
Package: graphics 2020/08/30 v1.4c Standard LaTeX Graphics (DPC,SPQR)

(/usr/share/texlive/texmf-dist/tex/latex/graphics/trig.sty
Package: trig 2016/01/03 v1.10 sin cos tan (DPC)
)
(/usr/share/texlive/texmf-dist/tex/latex/graphics-cfg/graphics.cfg
File: graphics.cfg 2016/06/04 v1.11 sample graphics configuration
)
Package graphics Info: Driver file: pdftex.def on input line 105.

(/usr/share/texlive/texmf-dist/tex/latex/graphics-def/pdftex.def
File: pdftex.def 2020/10/05 v1.2a Graphics/color driver for pdftex
))
\Gin@req@height=\dimen144
\Gin@req@width=\dimen145
)
(/usr/share/texlive/texmf-dist/tex/latex/tools/indentfirst.sty
Package: indentfirst 1995/11/23 v1.03 Indent first paragraph (DPC)
)
Package csquotes Info: Checking for multilingual support...
Package csquotes Info: ... found 'babel' package.
Package csquotes Info: Adjusting default style.
Package csquotes Info: Redefining alias 'default' -> 'portuguese'.

(/usr/share/texlive/texmf-dist/tex/latex/l3backend/l3backend-pdftex.def
File: l3backend-pdftex.def 2020-01-29 L3 backend support: PDF output (pdfTeX)
\l__color_backend_stack_int=\count420
\l__pdf_internal_box=\box47
)
(./documento.aux)
\openout1 = `documento.aux'.

LaTeX Font Info:    Checking defaults for OML/cmm/m/it on input line 16.
LaTeX Font Info:    ... okay on input line 16.
LaTeX Font Info:    Checking defaults for OMS/cmsy/m/n on input line 16.
LaTeX Font Info:    ... okay on input line 16.
LaTeX Font Info:    Checking defaults for OT1/cmr/m/n on input line 16.
LaTeX Font Info:    ... okay on input line 16.
LaTeX Font Info:    Checking defaults for T1/cmr/m/n on input line 16.
LaTeX Font Info:    ... okay on input line 16.
LaTeX Font Info:    Checking defaults for TS1/cmr/m/n on input line 16.
LaTeX Font Info:    ... okay on input line 16.
LaTeX Font Info:    Checking defaults for OMX/cmex/m/n on input line 16.
LaTeX Font Info:    ... okay on input line 16.
LaTeX Font Info:    Checking defaults for U/cmr/m/n on input line 16.
LaTeX Font Info:    ... okay on input line 16.
LaTeX Font Info:    Checking defaults for PD1/pdf/m/n on input line 16.
LaTeX Font Info:    ... okay on input line 16.
Package biblatex Info: Trying to load language 'portuguese'...
Package biblatex Info: ... file 'portuguese.lbx' found.

(/usr/share/texlive/texmf-dist/tex/latex/biblatex/lbx/portuguese.lbx
File: portuguese.lbx 2020/12/31 v3.16 biblatex localization (PK/MW)
)
Package biblatex Info: Input encoding 'utf8' detected.
Package biblatex Info: Automatic encoding selection.
(biblatex)             Assuming data encoding 'utf8'.
Package biblatex Info: Document encoding is UTF8 ....

(/usr/share/texlive/texmf-dist/tex/latex/l3kernel/expl3.sty
Package: expl3 2021-01-09 L3 programming layer (loader) 
)
Package biblatex Info: ... and expl3
(biblatex)             2021-01-09 L3 programming layer (loader) 
(biblatex)             is new enough (at least 2020/04/06),
(biblatex)             setting 'casechanger=expl3'.

(/usr/share/texlive/texmf-dist/tex/latex/biblatex/blx-case-expl3.sty
(/usr/share/texlive/texmf-dist/tex/latex/l3packages/xparse/xparse.sty
Package: xparse 2020-10-27 L3 Experimental document command parser

(/usr/share/texlive/texmf-dist/tex/latex/l3packages/xparse/xparse-generic.tex))
Package: blx-case-expl3 2020/12/31 v3.16 expl3 case changing code for biblatex
)
\openout3 = `documento.bcf'.

Package biblatex Info: Trying to load bibliographic data...
Package biblatex Info: ... file 'documento.bbl' found.
 (./documento.bbl)
Package biblatex Info: Reference section=0 on input line 16.
Package biblatex Info: Reference segment=0 on input line 16.
Package hyperref Info: Link coloring OFF on input line 16.

(/usr/share/texlive/texmf-dist/tex/latex/hyperref/nameref.sty
Package: nameref 2019/09/16 v2.46 Cross-referencing by name of section

(/usr/share/texlive/texmf-dist/tex/latex/refcount/refcount.sty
Package: refcount 2019/12/15 v3.6 Data extraction from label references (HO)
)
(/usr/share/texlive/texmf-dist/tex/generic/gettitlestring/gettitlestring.sty
Package: gettitlestring 2019/12/15 v1.6 Cleanup title references (HO)
)
\c@section@level=\count421
)
LaTeX Info: Redefining \ref on input line 16.
LaTeX Info: Redefining \pageref on input line 16.
LaTeX Info: Redefining \nameref on input line 16.

(./documento.out) (./documento.out)
\@outlinefile=\write4
\openout4 = `documento.out'.


(/usr/share/texlive/texmf-dist/tex/context/base/mkii/supp-pdf.mkii
[Loading MPS to PDF converter (version 2006.09.02).]
\scratchcounter=\count422
\scratchdimen=\dimen146
\scratchbox=\box48
\nofMPsegments=\count423
\nofMParguments=\count424
\everyMPshowfont=\toks20
\MPscratchCnt=\count425
\MPscratchDim=\dimen147
\MPnumerator=\count426
\makeMPintoPDFobject=\count427
\everyMPtoPDFconversion=\toks21
) (/usr/share/texlive/texmf-dist/tex/latex/epstopdf-pkg/epstopdf-base.sty
Package: epstopdf-base 2020-01-24 v2.11 Base part for package epstopdf
Package epstopdf-base Info: Redefining graphics rule for `.eps' on input line 4
85.

(/usr/share/texlive/texmf-dist/tex/latex/latexconfig/epstopdf-sys.cfg
File: epstopdf-sys.cfg 2010/07/13 v1.3 Configuration of (r)epstopdf for TeX Liv
e
))
<ua.pdf, id=36, 52.195pt x 55.20625pt>
File: ua.pdf Graphic file (type pdf)
<use ua.pdf>
Package pdftex.def Info: ua.pdf  used on input line 51.
(pdftex.def)             Requested size: 52.19487pt x 55.2061pt.

[1

{/var/lib/texmf/fonts/map/pdftex/updmap/pdftex.map} <./ua.pdf>]
LaTeX Font Info:    External font `cmex10' loaded for size
(Font)              <12> on input line 76.
LaTeX Font Info:    External font `cmex10' loaded for size
(Font)              <8> on input line 76.
LaTeX Font Info:    External font `cmex10' loaded for size
(Font)              <6> on input line 76.
pdfTeX warning (ext4): destination with the same identifier (name{page.1}) has 
been already used, duplicate ignored
<to be read again> 
                   \relax 
l.76 
      [1] [1]pdfTeX warning (ext4): destination with the same identifier (name{
page.i}) has been already used, duplicate ignored
<to be read again> 
                   \relax 
l.89 \end{abstract}
                    [1] (./documento.toc
LaTeX Font Info:    External font `cmex10' loaded for size
(Font)              <7> on input line 8.
LaTeX Font Info:    External font `cmex10' loaded for size
(Font)              <5> on input line 8.
)
\tf@toc=\write5
\openout5 = `documento.toc'.

pdfTeX warning (ext4): destination with the same identifier (name{page.i}) has 
been already used, duplicate ignored
<to be read again> 
                   \relax 
l.98 \clearpage
                [1

]
Cap\'{\i }tulo 1.
pdfTeX warning (ext4): destination with the same identifier (name{page.1}) has 
been already used, duplicate ignored
<to be read again> 
                   \relax 
l.115 \chapter
              {Metodologia} [1


]
Cap\'{\i }tulo 2.
Package acronym Info: Label `acro:ua' newly defined as it shall be overridden
although it is yet undefined on input line 126.
Package acronym Info: Label `acro:miect' newly defined as it shall be overridde
n
although it is yet undefined on input line 129.

Package acronym Warning: Acronym `miect' is not defined on input line 129.


Package acronym Warning: Acronym `miect' is not defined on input line 129.


Package acronym Warning: Acronym `miect' is not defined on input line 130.

Package acronym Info: Label `acro:glisc' newly defined as it shall be overridde
n
although it is yet undefined on input line 134.

Package acronym Warning: Acronym `glisc' is not defined on input line 134.


Package acronym Warning: Acronym `glisc' is not defined on input line 134.

[2

]
Cap\'{\i }tulo 3.
[3

]
Cap\'{\i }tulo 4.
[4

]
Cap\'{\i }tulo 5.
[5

] [6

] [7

] [8

] (./documento.aux)
Package rerunfilecheck Info: File `documento.out' has not changed.
(rerunfilecheck)             Checksum: 95C46AC640B2F8EBE516B5D3D8E4301F;459.
Package logreq Info: Writing requests to 'documento.run.xml'.
\openout1 = `documento.run.xml'.

 ) 
Here is how much of TeX's memory you used:
 14754 strings out of 481191
 257222 string characters out of 5914092
 1002929 words of memory out of 5000000
 31479 multiletter control sequences out of 15000+600000
 416106 words of font info for 49 fonts, out of 8000000 for 9000
 38 hyphenation exceptions out of 8191
 71i,6n,74p,1051b,1653s stack positions out of 5000i,500n,10000p,200000b,80000s
 </home/maomv/.texlive2020/texmf-var/fonts/pk/ljfour/jknappen/ec/ecti1000.600
pk> </home/maomv/.texlive2020/texmf-var/fonts/pk/ljfour/jknappen/ec/ecbx1200.60
0pk> </home/maomv/.texlive2020/texmf-var/fonts/pk/ljfour/jknappen/ec/ecbx1440.6
00pk> </home/maomv/.texlive2020/texmf-var/fonts/pk/ljfour/jknappen/ec/ecrm0700.
600pk> </home/maomv/.texlive2020/texmf-var/fonts/pk/ljfour/jknappen/ec/ecbx2074
.600pk> </home/maomv/.texlive2020/texmf-var/fonts/pk/ljfour/jknappen/ec/ecbx100
0.600pk> </home/maomv/.texlive2020/texmf-var/fonts/pk/ljfour/jknappen/ec/ecrm12
00.600pk> </home/maomv/.texlive2020/texmf-var/fonts/pk/ljfour/jknappen/ec/ecbx2
488.600pk> </home/maomv/.texlive2020/texmf-var/fonts/pk/ljfour/jknappen/ec/ecrm
1000.600pk> </home/maomv/.texlive2020/texmf-var/fonts/pk/ljfour/jknappen/ec/ecr
m1728.600pk> </home/maomv/.texlive2020/texmf-var/fonts/pk/ljfour/jknappen/ec/ec
rm1440.600pk> </home/maomv/.texlive2020/texmf-var/fonts/pk/ljfour/jknappen/ec/e
crm2488.600pk>
Output written on documento.pdf (13 pages, 93427 bytes).
PDF statistics:
 430 PDF objects out of 1000 (max. 8388607)
 159 compressed objects within 2 object streams
 27 named destinations out of 1000 (max. 500000)
 70 words of extra memory for PDF output out of 10000 (max. 10000000)

